Error: listen EADDRINUSE :::8080
    at Object.exports._errnoException (util.js:1020:11)
    at exports._exceptionWithHostPort (util.js:1043:20)
    at Server._listen2 (net.js:1271:14)
    at listen (net.js:1307:10)
    at Server.listen (net.js:1403:5)
    at EventEmitter.listen (/home/furkan/node-js-playlist/node_modules/express/lib/application.js:618:24)
    at Object.<anonymous> (/home/furkan/node-js-playlist/index.js:20:5)
    at Module._compile (module.js:577:32)
    at Object.Module._extensions..js (module.js:586:10)
    at Module.load (module.js:494:32)
Error: listen EADDRINUSE :::8080
    at Object.exports._errnoException (util.js:1020:11)
    at exports._exceptionWithHostPort (util.js:1043:20)
    at Server._listen2 (net.js:1271:14)
    at listen (net.js:1307:10)
    at Server.listen (net.js:1403:5)
    at EventEmitter.listen (/home/furkan/node-js-playlist/node_modules/express/lib/application.js:618:24)
    at Object.<anonymous> (/home/furkan/node-js-playlist/index.js:20:5)
    at Module._compile (module.js:577:32)
    at Object.Module._extensions..js (module.js:586:10)
    at Module.load (module.js:494:32)
Error: listen EADDRINUSE :::8080
    at Object.exports._errnoException (util.js:1020:11)
    at exports._exceptionWithHostPort (util.js:1043:20)
    at Server._listen2 (net.js:1271:14)
    at listen (net.js:1307:10)
    at Server.listen (net.js:1403:5)
    at EventEmitter.listen (/home/furkan/node-js-playlist/node_modules/express/lib/application.js:618:24)
    at Object.<anonymous> (/home/furkan/node-js-playlist/index.js:20:5)
    at Module._compile (module.js:577:32)
    at Object.Module._extensions..js (module.js:586:10)
    at Module.load (module.js:494:32)
Error: listen EADDRINUSE :::8080
    at Object.exports._errnoException (util.js:1020:11)
    at exports._exceptionWithHostPort (util.js:1043:20)
    at Server._listen2 (net.js:1271:14)
    at listen (net.js:1307:10)
    at Server.listen (net.js:1403:5)
    at EventEmitter.listen (/home/furkan/node-js-playlist/node_modules/express/lib/application.js:618:24)
    at Object.<anonymous> (/home/furkan/node-js-playlist/index.js:20:5)
    at Module._compile (module.js:577:32)
    at Object.Module._extensions..js (module.js:586:10)
    at Module.load (module.js:494:32)
Error: listen EADDRINUSE :::8080
    at Object.exports._errnoException (util.js:1020:11)
    at exports._exceptionWithHostPort (util.js:1043:20)
    at Server._listen2 (net.js:1271:14)
    at listen (net.js:1307:10)
    at Server.listen (net.js:1403:5)
    at EventEmitter.listen (/home/furkan/node-js-playlist/node_modules/express/lib/application.js:618:24)
    at Object.<anonymous> (/home/furkan/node-js-playlist/index.js:20:5)
    at Module._compile (module.js:577:32)
    at Object.Module._extensions..js (module.js:586:10)
    at Module.load (module.js:494:32)
Error: listen EADDRINUSE :::8080
    at Object.exports._errnoException (util.js:1020:11)
    at exports._exceptionWithHostPort (util.js:1043:20)
    at Server._listen2 (net.js:1271:14)
    at listen (net.js:1307:10)
    at Server.listen (net.js:1403:5)
    at EventEmitter.listen (/home/furkan/node-js-playlist/node_modules/express/lib/application.js:618:24)
    at Object.<anonymous> (/home/furkan/node-js-playlist/index.js:20:5)
    at Module._compile (module.js:577:32)
    at Object.Module._extensions..js (module.js:586:10)
    at Module.load (module.js:494:32)
Error: listen EADDRINUSE :::8080
    at Object.exports._errnoException (util.js:1020:11)
    at exports._exceptionWithHostPort (util.js:1043:20)
    at Server._listen2 (net.js:1271:14)
    at listen (net.js:1307:10)
    at Server.listen (net.js:1403:5)
    at EventEmitter.listen (/home/furkan/node-js-playlist/node_modules/express/lib/application.js:618:24)
    at Object.<anonymous> (/home/furkan/node-js-playlist/index.js:20:5)
    at Module._compile (module.js:577:32)
    at Object.Module._extensions..js (module.js:586:10)
    at Module.load (module.js:494:32)
Error: listen EADDRINUSE :::8080
    at Object.exports._errnoException (util.js:1020:11)
    at exports._exceptionWithHostPort (util.js:1043:20)
    at Server._listen2 (net.js:1271:14)
    at listen (net.js:1307:10)
    at Server.listen (net.js:1403:5)
    at EventEmitter.listen (/home/furkan/node-js-playlist/node_modules/express/lib/application.js:618:24)
    at Object.<anonymous> (/home/furkan/node-js-playlist/index.js:20:5)
    at Module._compile (module.js:577:32)
    at Object.Module._extensions..js (module.js:586:10)
    at Module.load (module.js:494:32)
Error: listen EADDRINUSE :::8080
    at Object.exports._errnoException (util.js:1020:11)
    at exports._exceptionWithHostPort (util.js:1043:20)
    at Server._listen2 (net.js:1271:14)
    at listen (net.js:1307:10)
    at Server.listen (net.js:1403:5)
    at EventEmitter.listen (/home/furkan/node-js-playlist/node_modules/express/lib/application.js:618:24)
    at Object.<anonymous> (/home/furkan/node-js-playlist/index.js:20:5)
    at Module._compile (module.js:577:32)
    at Object.Module._extensions..js (module.js:586:10)
    at Module.load (module.js:494:32)
Error: listen EADDRINUSE :::8080
    at Object.exports._errnoException (util.js:1020:11)
    at exports._exceptionWithHostPort (util.js:1043:20)
    at Server._listen2 (net.js:1271:14)
    at listen (net.js:1307:10)
    at Server.listen (net.js:1403:5)
    at EventEmitter.listen (/home/furkan/node-js-playlist/node_modules/express/lib/application.js:618:24)
    at Object.<anonymous> (/home/furkan/node-js-playlist/index.js:20:5)
    at Module._compile (module.js:577:32)
    at Object.Module._extensions..js (module.js:586:10)
    at Module.load (module.js:494:32)
Error: listen EADDRINUSE :::8080
    at Object.exports._errnoException (util.js:1020:11)
    at exports._exceptionWithHostPort (util.js:1043:20)
    at Server._listen2 (net.js:1271:14)
    at listen (net.js:1307:10)
    at Server.listen (net.js:1403:5)
    at EventEmitter.listen (/home/furkan/node-js-playlist/node_modules/express/lib/application.js:618:24)
    at Object.<anonymous> (/home/furkan/node-js-playlist/index.js:20:5)
    at Module._compile (module.js:577:32)
    at Object.Module._extensions..js (module.js:586:10)
    at Module.load (module.js:494:32)
Error: listen EADDRINUSE :::8080
    at Object.exports._errnoException (util.js:1020:11)
    at exports._exceptionWithHostPort (util.js:1043:20)
    at Server._listen2 (net.js:1271:14)
    at listen (net.js:1307:10)
    at Server.listen (net.js:1403:5)
    at EventEmitter.listen (/home/furkan/node-js-playlist/node_modules/express/lib/application.js:618:24)
    at Object.<anonymous> (/home/furkan/node-js-playlist/index.js:20:5)
    at Module._compile (module.js:577:32)
    at Object.Module._extensions..js (module.js:586:10)
    at Module.load (module.js:494:32)
Error: listen EADDRINUSE :::8080
    at Object.exports._errnoException (util.js:1020:11)
    at exports._exceptionWithHostPort (util.js:1043:20)
    at Server._listen2 (net.js:1271:14)
    at listen (net.js:1307:10)
    at Server.listen (net.js:1403:5)
    at EventEmitter.listen (/home/furkan/node-js-playlist/node_modules/express/lib/application.js:618:24)
    at Object.<anonymous> (/home/furkan/node-js-playlist/index.js:20:5)
    at Module._compile (module.js:577:32)
    at Object.Module._extensions..js (module.js:586:10)
    at Module.load (module.js:494:32)
Error: listen EADDRINUSE :::8080
    at Object.exports._errnoException (util.js:1020:11)
    at exports._exceptionWithHostPort (util.js:1043:20)
    at Server._listen2 (net.js:1271:14)
    at listen (net.js:1307:10)
    at Server.listen (net.js:1403:5)
    at EventEmitter.listen (/home/furkan/node-js-playlist/node_modules/express/lib/application.js:618:24)
    at Object.<anonymous> (/home/furkan/node-js-playlist/index.js:20:5)
    at Module._compile (module.js:577:32)
    at Object.Module._extensions..js (module.js:586:10)
    at Module.load (module.js:494:32)
Error: listen EADDRINUSE :::8080
    at Object.exports._errnoException (util.js:1020:11)
    at exports._exceptionWithHostPort (util.js:1043:20)
    at Server._listen2 (net.js:1271:14)
    at listen (net.js:1307:10)
    at Server.listen (net.js:1403:5)
    at EventEmitter.listen (/home/furkan/node-js-playlist/node_modules/express/lib/application.js:618:24)
    at Object.<anonymous> (/home/furkan/node-js-playlist/index.js:20:5)
    at Module._compile (module.js:577:32)
    at Object.Module._extensions..js (module.js:586:10)
    at Module.load (module.js:494:32)
Error: listen EADDRINUSE :::8080
    at Object.exports._errnoException (util.js:1020:11)
    at exports._exceptionWithHostPort (util.js:1043:20)
    at Server._listen2 (net.js:1271:14)
    at listen (net.js:1307:10)
    at Server.listen (net.js:1403:5)
    at EventEmitter.listen (/home/furkan/node-js-playlist/node_modules/express/lib/application.js:618:24)
    at Object.<anonymous> (/home/furkan/node-js-playlist/index.js:20:5)
    at Module._compile (module.js:577:32)
    at Object.Module._extensions..js (module.js:586:10)
    at Module.load (module.js:494:32)
Error: listen EADDRINUSE :::8080
    at Object.exports._errnoException (util.js:1020:11)
    at exports._exceptionWithHostPort (util.js:1043:20)
    at Server._listen2 (net.js:1271:14)
    at listen (net.js:1307:10)
    at Server.listen (net.js:1403:5)
    at EventEmitter.listen (/home/furkan/node-js-playlist/node_modules/express/lib/application.js:618:24)
    at Object.<anonymous> (/home/furkan/node-js-playlist/index.js:20:5)
    at Module._compile (module.js:577:32)
    at Object.Module._extensions..js (module.js:586:10)
    at Module.load (module.js:494:32)
Error: listen EADDRINUSE :::8080
    at Object.exports._errnoException (util.js:1020:11)
    at exports._exceptionWithHostPort (util.js:1043:20)
    at Server._listen2 (net.js:1271:14)
    at listen (net.js:1307:10)
    at Server.listen (net.js:1403:5)
    at EventEmitter.listen (/home/furkan/node-js-playlist/node_modules/express/lib/application.js:618:24)
    at Object.<anonymous> (/home/furkan/node-js-playlist/index.js:20:5)
    at Module._compile (module.js:577:32)
    at Object.Module._extensions..js (module.js:586:10)
    at Module.load (module.js:494:32)
Error: listen EADDRINUSE :::8080
    at Object.exports._errnoException (util.js:1020:11)
    at exports._exceptionWithHostPort (util.js:1043:20)
    at Server._listen2 (net.js:1271:14)
    at listen (net.js:1307:10)
    at Server.listen (net.js:1403:5)
    at EventEmitter.listen (/home/furkan/node-js-playlist/node_modules/express/lib/application.js:618:24)
    at Object.<anonymous> (/home/furkan/node-js-playlist/index.js:20:5)
    at Module._compile (module.js:577:32)
    at Object.Module._extensions..js (module.js:586:10)
    at Module.load (module.js:494:32)
Error: listen EADDRINUSE :::8080
    at Object.exports._errnoException (util.js:1020:11)
    at exports._exceptionWithHostPort (util.js:1043:20)
    at Server._listen2 (net.js:1271:14)
    at listen (net.js:1307:10)
    at Server.listen (net.js:1403:5)
    at EventEmitter.listen (/home/furkan/node-js-playlist/node_modules/express/lib/application.js:618:24)
    at Object.<anonymous> (/home/furkan/node-js-playlist/index.js:20:5)
    at Module._compile (module.js:577:32)
    at Object.Module._extensions..js (module.js:586:10)
    at Module.load (module.js:494:32)
Error: listen EADDRINUSE :::8080
    at Object.exports._errnoException (util.js:1020:11)
    at exports._exceptionWithHostPort (util.js:1043:20)
    at Server._listen2 (net.js:1271:14)
    at listen (net.js:1307:10)
    at Server.listen (net.js:1403:5)
    at EventEmitter.listen (/home/furkan/node-js-playlist/node_modules/express/lib/application.js:618:24)
    at Object.<anonymous> (/home/furkan/node-js-playlist/index.js:20:5)
    at Module._compile (module.js:577:32)
    at Object.Module._extensions..js (module.js:586:10)
    at Module.load (module.js:494:32)
Error: listen EADDRINUSE :::8080
    at Object.exports._errnoException (util.js:1020:11)
    at exports._exceptionWithHostPort (util.js:1043:20)
    at Server._listen2 (net.js:1271:14)
    at listen (net.js:1307:10)
    at Server.listen (net.js:1403:5)
    at EventEmitter.listen (/home/furkan/node-js-playlist/node_modules/express/lib/application.js:618:24)
    at Object.<anonymous> (/home/furkan/node-js-playlist/index.js:20:5)
    at Module._compile (module.js:577:32)
    at Object.Module._extensions..js (module.js:586:10)
    at Module.load (module.js:494:32)
Error: listen EADDRINUSE :::8080
    at Object.exports._errnoException (util.js:1020:11)
    at exports._exceptionWithHostPort (util.js:1043:20)
    at Server._listen2 (net.js:1271:14)
    at listen (net.js:1307:10)
    at Server.listen (net.js:1403:5)
    at EventEmitter.listen (/home/furkan/node-js-playlist/node_modules/express/lib/application.js:618:24)
    at Object.<anonymous> (/home/furkan/node-js-playlist/index.js:20:5)
    at Module._compile (module.js:577:32)
    at Object.Module._extensions..js (module.js:586:10)
    at Module.load (module.js:494:32)
Error: listen EADDRINUSE :::8080
    at Object.exports._errnoException (util.js:1020:11)
    at exports._exceptionWithHostPort (util.js:1043:20)
    at Server._listen2 (net.js:1271:14)
    at listen (net.js:1307:10)
    at Server.listen (net.js:1403:5)
    at EventEmitter.listen (/home/furkan/node-js-playlist/node_modules/express/lib/application.js:618:24)
    at Object.<anonymous> (/home/furkan/node-js-playlist/index.js:20:5)
    at Module._compile (module.js:577:32)
    at Object.Module._extensions..js (module.js:586:10)
    at Module.load (module.js:494:32)
Error: listen EADDRINUSE :::8080
    at Object.exports._errnoException (util.js:1020:11)
    at exports._exceptionWithHostPort (util.js:1043:20)
    at Server._listen2 (net.js:1271:14)
    at listen (net.js:1307:10)
    at Server.listen (net.js:1403:5)
    at EventEmitter.listen (/home/furkan/node-js-playlist/node_modules/express/lib/application.js:618:24)
    at Object.<anonymous> (/home/furkan/node-js-playlist/index.js:20:5)
    at Module._compile (module.js:577:32)
    at Object.Module._extensions..js (module.js:586:10)
    at Module.load (module.js:494:32)
Error: listen EADDRINUSE :::8080
    at Object.exports._errnoException (util.js:1020:11)
    at exports._exceptionWithHostPort (util.js:1043:20)
    at Server._listen2 (net.js:1271:14)
    at listen (net.js:1307:10)
    at Server.listen (net.js:1403:5)
    at EventEmitter.listen (/home/furkan/node-js-playlist/node_modules/express/lib/application.js:618:24)
    at Object.<anonymous> (/home/furkan/node-js-playlist/index.js:20:5)
    at Module._compile (module.js:577:32)
    at Object.Module._extensions..js (module.js:586:10)
    at Module.load (module.js:494:32)
Error: listen EADDRINUSE :::8080
    at Object.exports._errnoException (util.js:1020:11)
    at exports._exceptionWithHostPort (util.js:1043:20)
    at Server._listen2 (net.js:1271:14)
    at listen (net.js:1307:10)
    at Server.listen (net.js:1403:5)
    at EventEmitter.listen (/home/furkan/node-js-playlist/node_modules/express/lib/application.js:618:24)
    at Object.<anonymous> (/home/furkan/node-js-playlist/index.js:20:5)
    at Module._compile (module.js:577:32)
    at Object.Module._extensions..js (module.js:586:10)
    at Module.load (module.js:494:32)
Error: listen EADDRINUSE :::8080
    at Object.exports._errnoException (util.js:1020:11)
    at exports._exceptionWithHostPort (util.js:1043:20)
    at Server._listen2 (net.js:1271:14)
    at listen (net.js:1307:10)
    at Server.listen (net.js:1403:5)
    at EventEmitter.listen (/home/furkan/node-js-playlist/node_modules/express/lib/application.js:618:24)
    at Object.<anonymous> (/home/furkan/node-js-playlist/index.js:20:5)
    at Module._compile (module.js:577:32)
    at Object.Module._extensions..js (module.js:586:10)
    at Module.load (module.js:494:32)
Error: listen EADDRINUSE :::8080
    at Object.exports._errnoException (util.js:1020:11)
    at exports._exceptionWithHostPort (util.js:1043:20)
    at Server._listen2 (net.js:1271:14)
    at listen (net.js:1307:10)
    at Server.listen (net.js:1403:5)
    at EventEmitter.listen (/home/furkan/node-js-playlist/node_modules/express/lib/application.js:618:24)
    at Object.<anonymous> (/home/furkan/node-js-playlist/index.js:20:5)
    at Module._compile (module.js:577:32)
    at Object.Module._extensions..js (module.js:586:10)
    at Module.load (module.js:494:32)
Error: listen EADDRINUSE :::8080
    at Object.exports._errnoException (util.js:1020:11)
    at exports._exceptionWithHostPort (util.js:1043:20)
    at Server._listen2 (net.js:1271:14)
    at listen (net.js:1307:10)
    at Server.listen (net.js:1403:5)
    at EventEmitter.listen (/home/furkan/node-js-playlist/node_modules/express/lib/application.js:618:24)
    at Object.<anonymous> (/home/furkan/node-js-playlist/index.js:20:5)
    at Module._compile (module.js:577:32)
    at Object.Module._extensions..js (module.js:586:10)
    at Module.load (module.js:494:32)
Error: listen EADDRINUSE :::8080
    at Object.exports._errnoException (util.js:1020:11)
    at exports._exceptionWithHostPort (util.js:1043:20)
    at Server._listen2 (net.js:1271:14)
    at listen (net.js:1307:10)
    at Server.listen (net.js:1403:5)
    at EventEmitter.listen (/home/furkan/node-js-playlist/node_modules/express/lib/application.js:618:24)
    at Object.<anonymous> (/home/furkan/node-js-playlist/index.js:20:5)
    at Module._compile (module.js:577:32)
    at Object.Module._extensions..js (module.js:586:10)
    at Module.load (module.js:494:32)
Error: listen EADDRINUSE :::8080
    at Object.exports._errnoException (util.js:1020:11)
    at exports._exceptionWithHostPort (util.js:1043:20)
    at Server._listen2 (net.js:1271:14)
    at listen (net.js:1307:10)
    at Server.listen (net.js:1403:5)
    at EventEmitter.listen (/home/furkan/node-js-playlist/node_modules/express/lib/application.js:618:24)
    at Object.<anonymous> (/home/furkan/node-js-playlist/index.js:20:5)
    at Module._compile (module.js:577:32)
    at Object.Module._extensions..js (module.js:586:10)
    at Module.load (module.js:494:32)
